mode: set
hackerbay/oneuptime/logger.go:29.44,33.2 3 1
hackerbay/oneuptime/logger.go:36.48,40.2 3 1
hackerbay/oneuptime/logger.go:43.50,50.2 2 1
hackerbay/oneuptime/logger.go:53.30,55.2 1 1
hackerbay/oneuptime/logger.go:58.65,61.2 2 1
hackerbay/oneuptime/logger.go:64.41,72.2 6 1
hackerbay/oneuptime/logger.go:75.50,78.2 2 1
hackerbay/oneuptime/logger.go:80.114,98.16 5 1
hackerbay/oneuptime/logger.go:103.2,104.16 2 1
hackerbay/oneuptime/logger.go:109.2,110.70 2 1
hackerbay/oneuptime/logger.go:113.2,113.28 1 1
hackerbay/oneuptime/logger.go:98.16,101.3 1 0
hackerbay/oneuptime/logger.go:104.16,107.3 1 0
hackerbay/oneuptime/logger.go:110.70,111.13 1 0
hackerbay/oneuptime/realm.go:20.24,29.2 2 1
hackerbay/oneuptime/realm.go:32.66,40.28 6 1
hackerbay/oneuptime/realm.go:40.28,42.3 1 1
hackerbay/oneuptime/realm.go:42.8,44.3 1 1
hackerbay/oneuptime/realm.go:47.54,53.31 5 1
hackerbay/oneuptime/realm.go:60.2,60.14 1 1
hackerbay/oneuptime/realm.go:63.2,63.28 1 1
hackerbay/oneuptime/realm.go:53.31,54.34 1 1
hackerbay/oneuptime/realm.go:54.34,57.4 2 1
hackerbay/oneuptime/realm.go:60.14,62.3 1 1
hackerbay/oneuptime/realm.go:66.53,68.31 1 1
hackerbay/oneuptime/realm.go:68.31,70.3 1 1
hackerbay/oneuptime/realm.go:73.58,76.2 1 1
hackerbay/oneuptime/realm.go:78.103,82.32 3 1
hackerbay/oneuptime/realm.go:87.2,101.38 2 1
hackerbay/oneuptime/realm.go:82.32,85.3 2 1
hackerbay/oneuptime/realm.go:105.34,114.2 6 1
hackerbay/oneuptime/tracker.go:19.68,27.2 2 1
hackerbay/oneuptime/tracker.go:30.46,34.2 3 1
hackerbay/oneuptime/tracker.go:37.50,41.2 3 1
hackerbay/oneuptime/tracker.go:44.32,46.2 1 1
hackerbay/oneuptime/tracker.go:49.70,52.2 2 1
hackerbay/oneuptime/tracker.go:55.43,63.2 6 1
hackerbay/oneuptime/tracker.go:66.54,69.2 2 1
hackerbay/oneuptime/tracker.go:71.40,74.2 2 1
hackerbay/oneuptime/tracker.go:75.59,82.22 4 1
hackerbay/oneuptime/tracker.go:86.2,86.55 1 1
hackerbay/oneuptime/tracker.go:82.22,84.3 1 0
hackerbay/oneuptime/tracker.go:89.51,91.2 1 1
hackerbay/oneuptime/tracker.go:93.57,95.2 1 1
hackerbay/oneuptime/tracker.go:97.62,99.2 1 1
hackerbay/oneuptime/tracker.go:101.77,106.2 3 1
hackerbay/oneuptime/tracker.go:108.98,121.16 5 1
hackerbay/oneuptime/tracker.go:125.2,127.24 2 1
hackerbay/oneuptime/tracker.go:121.17,123.3 0 0
hackerbay/oneuptime/tracker.go:130.70,139.16 6 1
hackerbay/oneuptime/tracker.go:144.2,145.16 2 1
hackerbay/oneuptime/tracker.go:150.2,151.71 2 1
hackerbay/oneuptime/tracker.go:154.2,154.29 1 1
hackerbay/oneuptime/tracker.go:139.16,142.3 1 0
hackerbay/oneuptime/tracker.go:145.16,148.3 1 0
hackerbay/oneuptime/tracker.go:151.71,152.13 1 0
hackerbay/oneuptime/util.go:13.81,18.29 3 1
hackerbay/oneuptime/util.go:26.2,26.31 1 1
hackerbay/oneuptime/util.go:31.2,34.32 2 1
hackerbay/oneuptime/util.go:39.2,44.25 2 1
hackerbay/oneuptime/util.go:18.29,21.3 1 1
hackerbay/oneuptime/util.go:21.8,24.3 1 0
hackerbay/oneuptime/util.go:26.31,28.3 1 0
hackerbay/oneuptime/util.go:34.32,36.3 1 1
hackerbay/oneuptime/util.go:47.57,58.35 4 1
hackerbay/oneuptime/util.go:62.2,62.35 1 1
hackerbay/oneuptime/util.go:66.2,66.15 1 1
hackerbay/oneuptime/util.go:58.35,60.3 1 1
hackerbay/oneuptime/util.go:62.35,64.3 1 0
hackerbay/oneuptime/util.go:69.68,73.40 2 1
hackerbay/oneuptime/util.go:76.2,77.40 2 1
hackerbay/oneuptime/util.go:90.2,90.29 1 1
hackerbay/oneuptime/util.go:73.40,75.3 1 0
hackerbay/oneuptime/util.go:77.40,81.45 2 1
hackerbay/oneuptime/util.go:85.3,85.44 1 1
hackerbay/oneuptime/util.go:81.45,83.4 1 0
hackerbay/oneuptime/util.go:85.44,87.4 1 1
hackerbay/oneuptime/util.go:93.72,97.6 3 1
hackerbay/oneuptime/util.go:112.2,112.15 1 1
hackerbay/oneuptime/util.go:97.6,107.12 4 1
hackerbay/oneuptime/util.go:107.12,108.9 1 1
hackerbay/oneuptime/util.go:115.50,118.31 2 1
hackerbay/oneuptime/util.go:128.2,128.22 1 1
hackerbay/oneuptime/util.go:118.31,126.3 3 1
hackerbay/oneuptime/util.go:131.44,136.20 3 1
hackerbay/oneuptime/util.go:139.2,144.21 4 1
hackerbay/oneuptime/util.go:148.2,148.14 1 1
hackerbay/oneuptime/util.go:136.20,138.3 1 0
hackerbay/oneuptime/util.go:144.21,146.3 1 1
hackerbay/oneuptime/util.go:151.83,152.20 1 1
hackerbay/oneuptime/util.go:156.2,159.28 3 1
hackerbay/oneuptime/util.go:166.2,181.14 6 1
hackerbay/oneuptime/util.go:152.20,154.3 1 0
hackerbay/oneuptime/util.go:159.28,161.21 2 1
hackerbay/oneuptime/util.go:161.21,162.18 1 0
hackerbay/oneuptime/util.go:184.68,187.2 2 1
hackerbay/oneuptime/util.go:188.24,189.11 1 1
hackerbay/oneuptime/util.go:192.2,192.10 1 1
hackerbay/oneuptime/util.go:189.11,191.3 1 1
hackerbay/oneuptime/util.go:195.24,196.11 1 1
hackerbay/oneuptime/util.go:199.2,199.10 1 1
hackerbay/oneuptime/util.go:196.11,198.3 1 1
hackerbay/oneuptime/oneuptime.go:26.66,27.36 1 1
hackerbay/oneuptime/oneuptime.go:30.2,30.37 1 1
hackerbay/oneuptime/oneuptime.go:33.2,33.26 1 1
hackerbay/oneuptime/oneuptime.go:37.2,42.26 3 1
hackerbay/oneuptime/oneuptime.go:27.36,29.3 1 1
hackerbay/oneuptime/oneuptime.go:30.37,32.3 1 1
hackerbay/oneuptime/oneuptime.go:33.26,35.3 1 0
hackerbay/oneuptime/oneuptime.go:47.40,49.16 2 1
hackerbay/oneuptime/oneuptime.go:53.2,56.12 3 1
hackerbay/oneuptime/oneuptime.go:49.16,51.3 1 1
hackerbay/oneuptime/oneuptime.go:59.74,61.20 1 1
hackerbay/oneuptime/oneuptime.go:66.2,69.16 3 1
hackerbay/oneuptime/oneuptime.go:72.2,72.17 1 1
hackerbay/oneuptime/oneuptime.go:61.20,63.3 1 1
hackerbay/oneuptime/oneuptime.go:69.16,71.3 1 0
hackerbay/oneuptime/oneuptime.go:75.77,77.20 1 1
hackerbay/oneuptime/oneuptime.go:82.2,85.16 3 1
hackerbay/oneuptime/oneuptime.go:88.2,88.17 1 1
hackerbay/oneuptime/oneuptime.go:77.20,79.3 1 0
hackerbay/oneuptime/oneuptime.go:85.16,87.3 1 0
hackerbay/oneuptime/oneuptime.go:90.75,92.20 1 1
hackerbay/oneuptime/oneuptime.go:97.2,100.16 3 1
hackerbay/oneuptime/oneuptime.go:103.2,103.17 1 1
hackerbay/oneuptime/oneuptime.go:92.20,94.3 1 0
hackerbay/oneuptime/oneuptime.go:100.16,102.3 1 0
hackerbay/oneuptime/oneuptimeTracker.go:36.73,37.26 1 1
hackerbay/oneuptime/oneuptimeTracker.go:40.2,40.34 1 1
hackerbay/oneuptime/oneuptimeTracker.go:43.2,43.35 1 1
hackerbay/oneuptime/oneuptimeTracker.go:46.2,47.73 2 1
hackerbay/oneuptime/oneuptimeTracker.go:52.2,57.27 3 1
hackerbay/oneuptime/oneuptimeTracker.go:37.26,39.3 1 0
hackerbay/oneuptime/oneuptimeTracker.go:40.34,42.3 1 0
hackerbay/oneuptime/oneuptimeTracker.go:43.35,45.3 1 0
hackerbay/oneuptime/oneuptimeTracker.go:47.73,49.3 1 1
hackerbay/oneuptime/oneuptimeTracker.go:62.52,64.16 2 1
hackerbay/oneuptime/oneuptimeTracker.go:68.2,71.12 3 1
hackerbay/oneuptime/oneuptimeTracker.go:64.16,66.3 1 1
hackerbay/oneuptime/oneuptimeTracker.go:74.40,80.2 2 1
hackerbay/oneuptime/oneuptimeTracker.go:81.32,85.2 2 1
hackerbay/oneuptime/oneuptimeTracker.go:86.32,90.2 2 1
hackerbay/oneuptime/oneuptimeTracker.go:92.38,96.2 2 1
hackerbay/oneuptime/oneuptimeTracker.go:97.22,101.2 2 1
hackerbay/oneuptime/oneuptimeTracker.go:102.43,106.2 2 1
hackerbay/oneuptime/oneuptimeTracker.go:108.53,118.2 4 1
hackerbay/oneuptime/oneuptimeTracker.go:119.34,123.2 2 1
hackerbay/oneuptime/oneuptimeTracker.go:125.56,137.2 4 1
hackerbay/oneuptime/helper.go:51.27,54.16 3 1
hackerbay/oneuptime/helper.go:57.2,57.10 1 1
hackerbay/oneuptime/helper.go:54.16,56.3 1 0
hackerbay/oneuptime/helper.go:59.36,62.16 3 1
hackerbay/oneuptime/helper.go:65.2,65.10 1 1
hackerbay/oneuptime/helper.go:62.16,64.3 1 0
hackerbay/oneuptime/helper.go:68.31,71.16 3 1
hackerbay/oneuptime/helper.go:74.2,74.10 1 1
hackerbay/oneuptime/helper.go:71.16,73.3 1 0
hackerbay/oneuptime/helper.go:77.107,82.16 4 1
hackerbay/oneuptime/helper.go:86.2,88.17 2 1
hackerbay/oneuptime/helper.go:92.2,96.16 3 1
hackerbay/oneuptime/helper.go:101.2,102.16 2 1
hackerbay/oneuptime/helper.go:107.2,108.64 2 1
hackerbay/oneuptime/helper.go:113.2,113.22 1 1
hackerbay/oneuptime/helper.go:82.16,85.3 1 0
hackerbay/oneuptime/helper.go:88.17,90.3 1 1
hackerbay/oneuptime/helper.go:96.16,99.3 1 0
hackerbay/oneuptime/helper.go:102.16,105.3 1 0
hackerbay/oneuptime/helper.go:108.64,111.3 1 0
hackerbay/oneuptime/helper.go:116.81,117.24 1 1
hackerbay/oneuptime/helper.go:117.24,119.3 1 0
hackerbay/oneuptime/helper.go:119.8,121.3 1 1
hackerbay/oneuptime/helper.go:124.84,125.24 1 1
hackerbay/oneuptime/helper.go:125.24,127.3 1 0
hackerbay/oneuptime/helper.go:127.8,129.3 1 1
