TN:
SF:test/containerSecurity.test.js
FN:21,(anonymous_0)
FN:31,(anonymous_1)
FN:32,(anonymous_2)
FN:33,(anonymous_3)
FN:41,(anonymous_4)
FN:42,(anonymous_5)
FN:51,(anonymous_6)
FN:58,(anonymous_7)
FN:66,(anonymous_8)
FN:78,(anonymous_9)
FN:91,(anonymous_10)
FN:99,(anonymous_11)
FN:112,(anonymous_12)
FN:124,(anonymous_13)
FN:134,(anonymous_14)
FN:141,(anonymous_15)
FN:149,(anonymous_16)
FN:161,(anonymous_17)
FN:167,(anonymous_18)
FN:174,(anonymous_19)
FN:180,(anonymous_20)
FN:187,(anonymous_21)
FN:196,(anonymous_22)
FN:202,(anonymous_23)
FN:216,(anonymous_24)
FN:223,(anonymous_25)
FN:233,(anonymous_26)
FN:246,(anonymous_27)
FN:255,(anonymous_28)
FN:268,(anonymous_29)
FN:277,(anonymous_30)
FN:289,(anonymous_31)
FN:298,(anonymous_32)
FN:310,(anonymous_33)
FN:317,(anonymous_34)
FN:329,(anonymous_35)
FN:338,(anonymous_36)
FN:346,(anonymous_37)
FN:353,(anonymous_38)
FN:362,(anonymous_39)
FN:371,(anonymous_40)
FN:380,(anonymous_41)
FN:389,(anonymous_42)
FN:398,(anonymous_43)
FN:407,(anonymous_44)
FN:420,(anonymous_45)
FNF:46
FNH:44
FNDA:1,(anonymous_0)
FNDA:1,(anonymous_1)
FNDA:1,(anonymous_2)
FNDA:1,(anonymous_3)
FNDA:1,(anonymous_4)
FNDA:1,(anonymous_5)
FNDA:1,(anonymous_6)
FNDA:1,(anonymous_7)
FNDA:1,(anonymous_8)
FNDA:1,(anonymous_9)
FNDA:1,(anonymous_10)
FNDA:0,(anonymous_11)
FNDA:0,(anonymous_12)
FNDA:1,(anonymous_13)
FNDA:1,(anonymous_14)
FNDA:1,(anonymous_15)
FNDA:1,(anonymous_16)
FNDA:1,(anonymous_17)
FNDA:1,(anonymous_18)
FNDA:1,(anonymous_19)
FNDA:1,(anonymous_20)
FNDA:1,(anonymous_21)
FNDA:1,(anonymous_22)
FNDA:1,(anonymous_23)
FNDA:1,(anonymous_24)
FNDA:1,(anonymous_25)
FNDA:1,(anonymous_26)
FNDA:1,(anonymous_27)
FNDA:1,(anonymous_28)
FNDA:1,(anonymous_29)
FNDA:1,(anonymous_30)
FNDA:1,(anonymous_31)
FNDA:1,(anonymous_32)
FNDA:1,(anonymous_33)
FNDA:1,(anonymous_34)
FNDA:1,(anonymous_35)
FNDA:1,(anonymous_36)
FNDA:1,(anonymous_37)
FNDA:1,(anonymous_38)
FNDA:1,(anonymous_39)
FNDA:1,(anonymous_40)
FNDA:1,(anonymous_41)
FNDA:1,(anonymous_42)
FNDA:1,(anonymous_43)
FNDA:1,(anonymous_44)
FNDA:1,(anonymous_45)
DA:1,1
DA:2,1
DA:3,1
DA:4,1
DA:5,1
DA:6,1
DA:7,1
DA:8,1
DA:9,1
DA:10,1
DA:11,1
DA:12,1
DA:13,1
DA:14,1
DA:15,1
DA:16,1
DA:17,1
DA:18,1
DA:19,1
DA:21,1
DA:22,1
DA:30,1
DA:31,1
DA:32,1
DA:33,1
DA:34,1
DA:35,1
DA:36,1
DA:38,1
DA:42,1
DA:46,1
DA:52,1
DA:59,1
DA:60,1
DA:62,1
DA:67,1
DA:68,1
DA:78,1
DA:79,1
DA:80,1
DA:81,1
DA:84,1
DA:85,1
DA:86,1
DA:87,1
DA:88,1
DA:91,1
DA:92,1
DA:94,1
DA:100,0
DA:101,0
DA:108,0
DA:113,0
DA:114,0
DA:115,0
DA:116,0
DA:117,0
DA:118,0
DA:119,0
DA:124,1
DA:125,1
DA:126,1
DA:128,1
DA:135,1
DA:136,0
DA:137,0
DA:141,1
DA:142,1
DA:144,1
DA:150,1
DA:151,0
DA:154,0
DA:157,0
DA:161,1
DA:162,1
DA:164,1
DA:168,1
DA:169,1
DA:170,0
DA:174,1
DA:175,1
DA:177,1
DA:181,1
DA:182,0
DA:183,0
DA:187,1
DA:188,1
DA:189,1
DA:191,1
DA:197,1
DA:198,0
DA:202,1
DA:203,1
DA:204,1
DA:205,1
DA:212,1
DA:217,1
DA:218,1
DA:224,1
DA:225,1
DA:228,0
DA:233,1
DA:234,1
DA:235,1
DA:242,1
DA:247,1
DA:248,1
DA:251,0
DA:255,1
DA:256,1
DA:257,1
DA:264,1
DA:269,1
DA:270,1
DA:273,0
DA:277,1
DA:278,1
DA:279,1
DA:285,1
DA:290,1
DA:291,1
DA:294,1
DA:298,1
DA:299,1
DA:300,1
DA:306,1
DA:311,1
DA:312,1
DA:313,1
DA:317,1
DA:318,1
DA:319,1
DA:325,1
DA:330,1
DA:331,1
DA:334,0
DA:338,1
DA:339,1
DA:341,1
DA:347,1
DA:348,0
DA:349,0
DA:353,1
DA:354,1
DA:355,1
DA:357,1
DA:363,1
DA:364,1
DA:367,1
DA:371,1
DA:372,1
DA:373,1
DA:375,1
DA:381,1
DA:382,1
DA:385,1
DA:389,1
DA:390,1
DA:391,1
DA:393,1
DA:399,1
DA:400,1
DA:403,1
DA:407,1
DA:408,1
DA:409,1
DA:416,1
DA:421,1
DA:422,1
DA:425,0
LF:170
LH:144
BRF:0
BRH:0
end_of_record
TN:
SF:test/index.js
FNF:0
FNH:0
DA:1,1
DA:8,1
DA:59,0
DA:60,0
LF:4
LH:2
BRF:0
BRH:0
end_of_record
TN:
SF:test/data/dockerCredential.js
FNF:0
FNH:0
DA:1,1
LF:1
LH:1
BRF:0
BRH:0
end_of_record
TN:
SF:test/data/user.js
FN:4,(anonymous_0)
FNF:1
FNH:0
FNDA:0,(anonymous_0)
DA:1,1
DA:3,1
DA:5,0
LF:3
LH:2
BRF:0
BRH:0
end_of_record
TN:
SF:test/utils/globalConfig.js
FN:4,(anonymous_0)
FN:34,(anonymous_1)
FNF:2
FNH:2
FNDA:1,(anonymous_0)
FNDA:1,(anonymous_1)
DA:1,1
DA:3,1
DA:5,1
DA:21,1
DA:35,1
LF:5
LH:5
BRF:0
BRH:0
end_of_record
TN:
SF:test/utils/string.js
FN:2,(anonymous_0)
FN:18,(anonymous_1)
FN:29,(anonymous_2)
FNF:3
FNH:2
FNDA:323,(anonymous_0)
FNDA:3,(anonymous_1)
FNDA:0,(anonymous_2)
DA:1,1
DA:3,323
DA:4,0
DA:6,323
DA:8,323
DA:9,323
DA:10,323
DA:11,3230
DA:15,323
DA:19,3
DA:20,3
DA:21,3
DA:22,318
DA:25,3
DA:26,3
DA:30,0
LF:16
LH:14
BRDA:3,0,0,0
BRDA:3,0,1,323
BRDA:18,1,0,0
BRF:3
BRH:1
end_of_record
TN:
SF:test/utils/userSignUp.js
FN:2,(anonymous_0)
FN:3,(anonymous_1)
FN:11,(anonymous_2)
FN:18,(anonymous_3)
FN:36,(anonymous_4)
FN:51,(anonymous_5)
FN:55,(anonymous_6)
FNF:7
FNH:5
FNDA:1,(anonymous_0)
FNDA:1,(anonymous_1)
FNDA:1,(anonymous_2)
FNDA:1,(anonymous_3)
FNDA:1,(anonymous_4)
FNDA:0,(anonymous_5)
FNDA:0,(anonymous_6)
DA:1,1
DA:3,1
DA:4,1
DA:12,1
DA:13,0
DA:14,0
DA:16,0
DA:18,1
DA:22,1
DA:23,0
DA:24,0
DA:26,0
DA:28,1
DA:37,1
DA:38,1
DA:40,0
DA:41,0
DA:43,0
DA:52,0
DA:56,0
DA:61,1
DA:62,1
LF:22
LH:11
BRDA:12,0,0,0
BRDA:12,0,1,1
BRDA:13,1,0,0
BRDA:13,1,1,0
BRDA:22,2,0,0
BRDA:22,2,1,1
BRDA:23,3,0,0
BRDA:23,3,1,0
BRDA:37,4,0,1
BRDA:37,4,1,0
BRDA:40,5,0,0
BRDA:40,5,1,0
BRF:12
BRH:3
end_of_record
